Jun 18 14:59 : update: added /Angelus1.mp3
Jun 18 15:58 : avahi: Client Disconnected, will reconnect shortly
Jun 18 15:58 : avahi: Could not reconnect: Daemon not running
Jun 18 16:18 : avahi: Client Disconnected, will reconnect shortly
Jun 18 16:18 : avahi: Could not reconnect: Daemon not running
Jun 18 17:10 : avahi: Client Disconnected, will reconnect shortly
Jun 18 17:10 : avahi: Could not reconnect: Daemon not running
Jun 18 17:41 : update: added /George Harrison - While My Guitar Gently Weeps (acoustic).mp3
Jun 18 17:41 : update: added /Rob Dougan - Furious Angels.mp3
Jun 18 17:41 : update: added /soulja_boy_-_crank_dat_travis_barker_mix.mp3
Jun 18 17:41 : update: added /Daft_Punk_-_Aerodynamic.mp3
Jun 18 17:41 : update: added /Pink_Floyd - Shine_On_You_Crazy_Diamond_(Pa.mp3
Jun 18 17:41 : update: added /Alex M vs. Marc Van Damme - Techno disco.mp3
Jun 18 17:41 : update: added /Steve Vai -  For The Love Of God.mp3
Jun 18 17:41 : update: added /jimmy hendrix - voodoo child.mp3
Jun 18 17:41 : update: added /tupac shakur - 2pac greatest hits - hit 'em up.mp3
Jun 18 17:41 : update: added /2Pac- Thug life.mp3
Jun 18 17:41 : update: added /sistem of the down - system of a down - toxicity.mp3
Jun 18 17:41 : update: added /009 sound system - beat of the moment.mp3
Jun 18 17:41 : update: added Fight Club/fight club - 02 - homework.mp3
Jun 18 17:41 : update: added Fight Club/fight club - 06 - psycho boy jack.mp3
Jun 18 17:41 : update: added Fight Club/fight club - 03 - what is fight club.mp3
Jun 18 17:41 : update: added Fight Club/fight club - 12 - marla.mp3
Jun 18 17:41 : update: added Fight Club/fight club - 13 - commissioner castration.mp3
Jun 18 17:41 : update: added Fight Club/fight club - 04 - single serving jack.mp3
Jun 18 17:41 : update: added Fight Club/fight club - 14 - space monkeys.mp3
Jun 18 17:41 : update: added Fight Club/fight club - 09 - jack's smirking revenge.mp3
Jun 18 17:41 : update: added Fight Club/fight club - 11 - chemical burn.mp3
Jun 18 17:41 : update: added Fight Club/fight club - 05 - corporate world.mp3
Jun 18 17:41 : update: added Fight Club/fight club - 01 - who is tyler durden.mp3
Jun 18 17:41 : update: added Fight Club/fight club - 10 - stealing fat.mp3
Jun 18 17:41 : update: added Fight Club/fight club - 07 - hessel, raymond k..mp3
Jun 18 17:41 : update: added Fight Club/fight club - 08 - medula oblongata.mp3
Jun 18 17:41 : update: added Fight Club/fight club - 15 - finding the bomb.mp3
Jun 18 17:41 : update: added /Eric Clapton-Layla.mp3
Jun 18 17:41 : update: added /Eurythmics_-_sweet_dreams_are_.mp3
Jun 18 17:41 : update: added /Snatch-DiscoScience-Mirwai.mp3
Jun 18 17:41 : update: added /Yngwie Malmsteen - Mega Guitar Solo.mp3
Jun 18 17:41 : update: added /Michael Jackson - Billie Jean.mp3
Jun 18 17:41 : update: added /Vitaliy Zavadskyy - A Trip Downtown.mp3
Jun 18 17:41 : update: added /Daft Punk - Da Funk.mp3
Jun 18 17:41 : update: added /Red Hot Chili Peppers - Dosed.mp3
Jun 18 17:41 : update: added Moby/CD 1/Moby - Honey - 13.mp3
Jun 18 17:41 : update: added Moby/CD 1/Moby - We Are All Made Of Stars - 04.mp3
Jun 18 17:41 : update: added Moby/CD 1/Moby - In My Heart (New Mix) - 12.mp3
Jun 18 17:41 : update: added Moby/CD 1/Moby - Go (2006 Mix) - 02.mp3
Jun 18 17:41 : update: added Moby/CD 1/Moby - Lift Me Up (Album Mix) - 14.mp3
Jun 18 17:41 : update: added Moby/CD 1/Moby - Extreme Ways - 10.mp3
Jun 18 17:41 : update: added Moby/CD 1/Moby - In This World - 07.mp3
Jun 18 17:41 : update: added Moby/CD 1/Moby - Natural Blues - 01.mp3
Jun 18 17:41 : update: added Moby/CD 1/Moby - Porcelain - 03.mp3
Jun 18 17:41 : update: added Moby/CD 1/Moby - South Side - 08.mp3
Jun 18 17:41 : update: added Moby/CD 1/Moby - God Moving Over The Face Of The Waters - 16.mp3
Jun 18 17:41 : update: added Moby/CD 1/Moby - Beautiful - 09.mp3
Jun 18 17:41 : update: added Moby/CD 1/Moby - Feeling So Real (Live Version) - 15.mp3
Jun 18 17:41 : update: added Moby/CD 1/Moby - New York, New York - 06.mp3
Jun 18 17:41 : update: added Moby/CD 1/Moby - Why Does My Heart Feel So Bad_ - 11.mp3
Jun 18 17:41 : update: added Moby/CD 1/Moby - Dream About Me - 05.mp3
Jun 18 17:41 : update: added Moby/CD 2/Moby - Why Does My Heart Feel So Bad_ (Ferry Corsten Remix) - 02.mp3
Jun 18 17:41 : update: added Moby/CD 2/Moby - Dream About Me (Booka Shade Remix) - 10.mp3
Jun 18 17:41 : update: added Moby/CD 2/Moby - Lift Me Up (Mylo Mix) - 08.mp3
Jun 18 17:41 : update: added Moby/CD 2/Moby - Raining Again (Steve Angello's Vocal Mix) - 09.mp3
Jun 18 17:41 : update: added Moby/CD 2/Moby - Bodyrock (Olav Basoski's Da Hot Funk Da Freak Funk Remix) - 01.mp3
Jun 18 17:41 : update: added Moby/CD 2/Moby - Natural Blues (Perfecto Dub) - 03.mp3
Jun 18 17:41 : update: added Moby/CD 2/Moby - Extreme Ways (DJ Tiesto's Vocal Remix) - 06.mp3
Jun 18 17:41 : update: added Moby/CD 2/Moby - South Side (Pete Heller Park Lane Dub) - 04.mp3
Jun 18 17:41 : update: added Moby/CD 2/Moby - Slipping Away (Axwell Vocal Mix) - 11.mp3
Jun 18 17:41 : update: added Moby/CD 2/Moby - We Are All Made Of Stars (Timo Maas Vocal Remix) - 05.mp3
Jun 18 17:41 : update: added Moby/CD 2/Moby - Jam For The Ladies (Nevins Club Blaster Remix) - 07.mp3
Jun 18 17:41 : update: added Eurythmics - 1984 (For The Love Of Big Brother) By Rock Flash/07 - Doubleplusgood.mp3
Jun 18 17:41 : update: added Eurythmics - 1984 (For The Love Of Big Brother) By Rock Flash/09 - Room 101.mp3
Jun 18 17:41 : update: added Eurythmics - 1984 (For The Love Of Big Brother) By Rock Flash/06 - Julia.mp3
Jun 18 17:41 : update: added Eurythmics - 1984 (For The Love Of Big Brother) By Rock Flash/03 - For The Love Of Big Brother.mp3
Jun 18 17:41 : update: added Eurythmics - 1984 (For The Love Of Big Brother) By Rock Flash/05 - Greetings From A Dead Man.mp3
Jun 18 17:41 : update: added Eurythmics - 1984 (For The Love Of Big Brother) By Rock Flash/04 - Winston's Diary.mp3
Jun 18 17:41 : update: added Eurythmics - 1984 (For The Love Of Big Brother) By Rock Flash/02 - Sexcrime  (Nineteen Eighty-Four).mp3
Jun 18 17:41 : update: added Eurythmics - 1984 (For The Love Of Big Brother) By Rock Flash/01 - I Did It Just The Same.mp3
Jun 18 17:41 : update: added Eurythmics - 1984 (For The Love Of Big Brother) By Rock Flash/08 - Ministry Of Love.mp3
Jun 18 17:41 : update: added /Pearl_Jam_-_Black_(acoustic).mp3
Jun 18 17:41 : update: added /Titanic - My Heart Will Go On.mp3
Jun 18 17:41 : update: added /Boney M - Ma Baker.mp3
Jun 18 17:41 : update: added /2pac_All Eyez On Me (Book 1)_07_No More Pain.mp3
Jun 18 17:41 : update: added /Evanescence - My Immortal (Acoustic Guitar Version).mp3
Jun 18 17:41 : update: added /Pearl_Jam_-_Do_The_Evolution.mp3
Jun 18 17:41 : update: added Killing me softly/argentina-duo-killing-me-softly.mp3
Jun 18 17:41 : update: added Killing me softly/Killing Me Softly(1).mp3
Jun 18 17:41 : update: added Killing me softly/10 Killing me softly.mp3
Jun 18 17:41 : update: added Killing me softly/Killing me softly.mp3
Jun 18 17:41 : update: added Killing me softly/08 - Killing me softly.mp3
Jun 18 17:41 : update: added Killing me softly/08 Killing Me Softly.mp3
Jun 18 17:41 : update: added Killing me softly/3hits - killing  me  softly.mp3
Jun 18 17:41 : update: added Killing me softly/04 - Killing Me Softly With His Song.mp3
Jun 18 17:41 : update: added Neon Insect - Enigma [2008 128kb MP3]/Neon Insect - 13 - Neverending (Leash Mix By DJ Dustdevil).mp3
Jun 18 17:41 : update: added Neon Insect - Enigma [2008 128kb MP3]/Neon Insect - 03 - Lost in India.mp3
Jun 18 17:41 : update: added Neon Insect - Enigma [2008 128kb MP3]/Neon Insect - 02 - Enigma.mp3
Jun 18 17:41 : update: added Neon Insect - Enigma [2008 128kb MP3]/Neon Insect - 07 - Hearts of Tibet.mp3
Jun 18 17:41 : update: added Neon Insect - Enigma [2008 128kb MP3]/Neon Insect - 04 - My Hindukush.mp3
Jun 18 17:41 : update: added Neon Insect - Enigma [2008 128kb MP3]/Neon Insect - 11 - Dreamers (We Are).mp3
Jun 18 17:41 : update: added Neon Insect - Enigma [2008 128kb MP3]/Neon Insect - 12 - Neverending (Faces of War Remix By Novastorm).mp3
Jun 18 17:41 : update: added Neon Insect - Enigma [2008 128kb MP3]/Neon Insect - 05 - Neverending Part I.mp3
Jun 18 17:41 : update: added Neon Insect - Enigma [2008 128kb MP3]/Neon Insect - 01 - One Step Too Close.mp3
Jun 18 17:41 : update: added Neon Insect - Enigma [2008 128kb MP3]/Neon Insect - 10 - Enigma (Renaissance).mp3
Jun 18 17:41 : update: added Neon Insect - Enigma [2008 128kb MP3]/Neon Insect - 14 - Neverending (Eternal Nightmare Remix).mp3
Jun 18 17:41 : update: added Neon Insect - Enigma [2008 128kb MP3]/Neon Insect - 06 - Neverending Part II.mp3
Jun 18 17:41 : update: added Neon Insect - Enigma [2008 128kb MP3]/Neon Insect - 08 - The Game.mp3
Jun 18 17:41 : update: added Neon Insect - Enigma [2008 128kb MP3]/Neon Insect - 09 - The Last Warrior.mp3
Jun 18 17:41 : update: added /2Pac - Smoke Weed All Day.mp3
Jun 18 17:41 : update: added /Oasis - Snatch track.mp3
Jun 18 17:41 : update: added Prodigy/Prodigy, KLF, Propellerheads - Bomb The Bass.mp3
Jun 18 17:41 : update: added Prodigy/Prodigy - Fat Of The Land - Smack My Bitch Up.mp3
Jun 18 17:41 : update: added /Massive Attack - Angel.mp3
Jun 18 17:41 : update: added /009 Sound System Speak To Angels.mp3
Jun 18 17:41 : update: added /100 Greatest Guitar Solos - 42 - Beatles & Eric Clapton - While My Guitar Gently Weeps 1.mp3
Jun 18 17:41 : update: added /Run DMC - Jump Around.mp3
Jun 18 17:41 : update: added /simon and garfunkel - the sounds of silence.mp3
Jun 18 17:41 : update: added /Pink_Floyd_-_High_Hopes.mp3
Jun 18 17:41 : update: added /Pearl_Jam_-_Ten_-_03_-_Alive.mp3
Jun 18 17:41 : update: added /03 - R U Still Down! (Remember Me).mp3
Jun 18 17:41 : update: added /2Pac 07.mp3
Jun 18 17:41 : update: added /Juno Reactor - Conga fury.mp3
Jun 18 17:41 : update: added Oasis/(What's the Story) Morning Glory/10-Oasis-Morning Glory.mp3
Jun 18 17:41 : update: added Oasis/(What's the Story) Morning Glory/12-Oasis-Champagne Supernova.mp3
Jun 18 17:41 : update: added Oasis/(What's the Story) Morning Glory/01-Oasis-Hello.mp3
Jun 18 17:41 : update: added Oasis/(What's the Story) Morning Glory/09-Oasis-She's Electric.mp3
Jun 18 17:41 : update: added Oasis/(What's the Story) Morning Glory/07-Oasis-Some Might Say.mp3
Jun 18 17:41 : update: added Oasis/(What's the Story) Morning Glory/08-Oasis-Cast No Shadow.mp3
Jun 18 17:41 : update: added Oasis/(What's the Story) Morning Glory/11-Oasis-[Untitled Track].mp3
Jun 18 17:41 : update: added Oasis/(What's the Story) Morning Glory/03-Oasis-Wonderwall.mp3
Jun 18 17:41 : update: added Oasis/(What's the Story) Morning Glory/05-Oasis-Hey Now!.mp3
Jun 18 17:41 : update: added Oasis/(What's the Story) Morning Glory/04-Oasis-Don't Look Back in Anger.mp3
Jun 18 17:41 : update: added Oasis/(What's the Story) Morning Glory/06-Oasis-[Untitled Track].mp3
Jun 18 17:41 : update: added Oasis/(What's the Story) Morning Glory/02-Oasis-Roll With It.mp3
Jun 18 17:41 : update: added Oasis/Oasis - Stop The Clocks [2006][2CD+2 SkidVids+Cov]/201  Oasis - Live Forever.mp3
[mpeg @ 0xb3d1f790]max_analyze_duration reached
Jun 18 17:41 : update: added Oasis/Oasis - Stop The Clocks [2006][2CD+2 SkidVids+Cov]/Oasis - The Masterplan [2006][SkidVid].mpg
Jun 18 17:41 : update: added Oasis/Oasis - Stop The Clocks [2006][2CD+2 SkidVids+Cov]/206  Oasis - Songbird.mp3
Jun 18 17:41 : update: added Oasis/Oasis - Stop The Clocks [2006][2CD+2 SkidVids+Cov]/209  Oasis - Dont Look Back In Anger.mp3
Jun 18 17:41 : update: added Oasis/Oasis - Stop The Clocks [2006][2CD+2 SkidVids+Cov]/205  Oasis - Go Let It Out.mp3
Jun 18 17:41 : update: added Oasis/Oasis - Stop The Clocks [2006][2CD+2 SkidVids+Cov]/204  Oasis - Half The World Away.mp3
Jun 18 17:41 : update: added Oasis/Oasis - Stop The Clocks [2006][2CD+2 SkidVids+Cov]/101  Oasis - Rock 'N' Roll Star.mp3
Jun 18 17:41 : update: added Oasis/Oasis - Stop The Clocks [2006][2CD+2 SkidVids+Cov]/202  Oasis - Acquiesce.mp3
Jun 18 17:41 : update: added Oasis/Oasis - Stop The Clocks [2006][2CD+2 SkidVids+Cov]/107  Oasis - Slide Away.mp3
Jun 18 17:41 : update: added Oasis/Oasis - Stop The Clocks [2006][2CD+2 SkidVids+Cov]/108  Oasis - Cigarettes And Alcohol.mp3
Jun 18 17:41 : update: added Oasis/Oasis - Stop The Clocks [2006][2CD+2 SkidVids+Cov]/207  Oasis - Morning Glory.mp3
Jun 18 17:41 : update: added Oasis/Oasis - Stop The Clocks [2006][2CD+2 SkidVids+Cov]/105  Oasis - The Importance Of Being Idle.mp3
Jun 18 17:41 : update: added Oasis/Oasis - Stop The Clocks [2006][2CD+2 SkidVids+Cov]/208  Oasis - Champagne Supernova.mp3
Jun 18 17:41 : update: added Oasis/Oasis - Stop The Clocks [2006][2CD+2 SkidVids+Cov]/109  Oasis - The Masterplan.mp3
Jun 18 17:41 : update: added Oasis/Oasis - Stop The Clocks [2006][2CD+2 SkidVids+Cov]/Oasis - Acquiesce [2006][SkidVid].mpg
Jun 18 17:41 : update: added Oasis/Oasis - Stop The Clocks [2006][2CD+2 SkidVids+Cov]/102  Oasis - Some Might Say.mp3
Jun 18 17:41 : update: added Oasis/Oasis - Stop The Clocks [2006][2CD+2 SkidVids+Cov]/106  Oasis - Wonderwall.mp3
Jun 18 17:41 : update: added Oasis/Oasis - Stop The Clocks [2006][2CD+2 SkidVids+Cov]/203  Oasis - Supersonic.mp3
Jun 18 17:41 : update: added Oasis/Oasis - Stop The Clocks [2006][2CD+2 SkidVids+Cov]/103  Oasis - Talk Tonight.mp3
Jun 18 17:41 : update: added Oasis/Oasis - Stop The Clocks [2006][2CD+2 SkidVids+Cov]/104  Oasis - Lyla.mp3
Jun 18 17:41 : update: added /Pink Floyd Pulse 1995 - Another Brick In The Wall.mp3
Jun 18 17:41 : update: added /System of a Down - Lonely Day.mp3
Jun 18 17:41 : update: added /Vitaliy Kozlovskiy - Lavina.Mp3
Jun 18 17:41 : update: added Dr Tikov - Chillout Earth/13 Dr Tikov_ Look to the Future.mp3
Jun 18 17:41 : update: added Dr Tikov - Chillout Earth/04 Dr Tikov_Kazantip Children.mp3
Jun 18 17:41 : update: added Dr Tikov - Chillout Earth/01 Dr Tikov_ Dervish Dream.mp3
Jun 18 17:41 : update: added Dr Tikov - Chillout Earth/09 Dr Tikov_ Good Luck.mp3
Jun 18 17:41 : update: added Dr Tikov - Chillout Earth/07 Dr Tikov_Island.mp3
Jun 18 17:41 : update: added Dr Tikov - Chillout Earth/06 Dr Tikov_ Hare Krishna.mp3
Jun 18 17:41 : update: added Dr Tikov - Chillout Earth/14 Dr Tikov_Wind Homuz.mp3
Jun 18 17:41 : update: added Dr Tikov - Chillout Earth/10 Dr Tikov_ Jah Meditation.mp3
Jun 18 17:41 : update: added Dr Tikov - Chillout Earth/08 Dr Tikov_ Dub for Buddhas (feat Second Hand Band).mp3
Jun 18 17:41 : update: added Dr Tikov - Chillout Earth/03 Dr Tikov_Quet Hour.mp3
Jun 18 17:41 : update: added Dr Tikov - Chillout Earth/05 Dr Tikov_ In Love.mp3
Jun 18 17:41 : update: added Dr Tikov - Chillout Earth/02 Dr Tikov_Vrindavan.mp3
Jun 18 17:41 : update: added Dr Tikov - Chillout Earth/12 Dr Tikov_Eternal Dub.mp3
Jun 18 17:41 : update: added Dr Tikov - Chillout Earth/11 Dr Tikov_PudJah.mp3
Jun 18 17:41 : update: added /Simon and Garfunkel - Bridge Over Troubled Water.mp3
Jun 18 17:41 : update: added /Keep_On_Rocking_In_The_Free_World.mp3
Jun 18 17:41 : update: added /14 Daft Punk - Too Long.mp3
Jun 18 17:41 : update: added /Sidekick - Deep Fear.mp3
Jun 18 17:41 : update: added /Evanescence - My Immortal (Band Version).mp3
Jun 18 17:41 : update: added /BB King - The Thrill Is Gone.mp3
Jun 18 17:41 : update: added /Coolio - I like girls.mp3
Jun 18 17:41 : update: added /2pac - Changed Man.mp3
Jun 18 17:41 : update: added /Twilight Theme Song (Full Moon - The Black Ghosts).mp3
Jun 18 17:41 : update: added /MainTeraAplifier6649(SongsRack.com).mp3
    Last message repeated 1 times
[flv @ 0xb3d0c3e0]Estimating duration from bitrate, this may be inaccurate
Jun 18 17:41 : update: added /District 9 soundtrack - Vitaliy Zavadskyy.flv
Jun 18 17:41 : update: added /steve_vai-_building_the_church.mp3
Jun 18 17:41 : update: added /low remix by travis barker.mp3
Jun 18 17:41 : update: added /2pac - when thugz cry.mp3
Jun 18 17:41 : update: added /Kraftwerk - The Model.mp3
Jun 18 17:41 : update: added /Buckethead - Nottingham Lace.mp3
Jun 18 17:41 : update: added free_to_use/remains.mp3
Jun 18 17:41 : update: added free_to_use/So_Far_Away.mp3
Jun 18 17:41 : update: added free_to_use/iceland_remix.mp3
Jun 18 17:41 : update: added free_to_use/Burn.mp3
Jun 18 17:41 : update: added free_to_use/Assassins.mp3
Jun 18 17:41 : update: added free_to_use/stairway.mp3
Jun 18 17:41 : update: added free_to_use/mermaid.mp3
Jun 18 17:41 : update: added free_to_use/awakening.mp3
Jun 18 17:41 : update: added free_to_use/footsteps.mp3
Jun 18 17:41 : update: added free_to_use/In_Your_Arms.mp3
Jun 18 17:41 : update: added free_to_use/sanctuary.mp3
Jun 18 17:41 : update: added free_to_use/The_Beach_by_Positively_Dark.mp3
Jun 18 17:41 : update: added free_to_use/Dawn.mp3
Jun 18 17:41 : update: added free_to_use/iceland.mp3
Jun 18 17:41 : update: added free_to_use/Goodnight.mp3
Jun 18 17:41 : update: added free_to_use/Ocean_Run.mp3
Jun 18 17:41 : update: added free_to_use/Entrance.mp3
Jun 18 17:41 : update: added free_to_use/Follow_Me.mp3
Jun 18 17:41 : update: added free_to_use/Steal-Remix.mp3
Jun 18 17:41 : update: added free_to_use/Tremors.mp3
Jun 18 17:41 : update: added free_to_use/Pulse.mp3
Jun 18 17:41 : update: added free_to_use/howl.mp3
Jun 18 17:41 : update: added free_to_use/Ocean_Run-Remix.mp3
Jun 18 17:41 : update: added free_to_use/A_different_journey_by_Positively_Dark.mp3
Jun 18 17:41 : update: added free_to_use/Beginning.mp3
Jun 18 17:41 : update: added free_to_use/Annas_Theme.mp3
Jun 18 17:41 : update: added free_to_use/orbit.mp3
Jun 18 17:41 : update: added free_to_use/equinox.mp3
Jun 18 17:41 : update: added free_to_use/the_runner.mp3
Jun 18 17:41 : update: added free_to_use/Crunch.mp3
Jun 18 17:41 : update: added Pearl Jam - No Code/09-Lukin.mp3
Jun 18 17:41 : update: added Pearl Jam - No Code/05-Smile.mp3
Jun 18 17:41 : update: added Pearl Jam - No Code/07-Habit.mp3
Jun 18 17:41 : update: added Pearl Jam - No Code/08-Red Mosquito.mp3
Jun 18 17:41 : update: added Pearl Jam - No Code/11-Mankind.mp3
Jun 18 17:41 : update: added Pearl Jam - No Code/02-Hail Hail.mp3
Jun 18 17:41 : update: added Pearl Jam - No Code/01-Sometimes.mp3
Jun 18 17:41 : update: added Pearl Jam - No Code/10-Present Tense.mp3
Jun 18 17:41 : update: added Pearl Jam - No Code/03-Who You Are.mp3
Jun 18 17:41 : update: added Pearl Jam - No Code/06-Off He Goes.mp3
Jun 18 17:41 : update: added Pearl Jam - No Code/12-I'm Open.mp3
Jun 18 17:41 : update: added Pearl Jam - No Code/13-Around The Bend.mp3
Jun 18 17:41 : update: added Pearl Jam - No Code/04-In My Tree.mp3
Jun 18 17:41 : update: added /System of a Down - Aerials.mp3
Jun 18 17:41 : update: added /2Pac_-_I_Aint_Mad_At_Cha.mp3
Jun 18 17:41 : update: added /Eric Clapton - Layla (Acoustic).mp3
Jun 18 17:41 : update: added /Iio - Rapture (Armin Van Buuren Remix).mp3
Jun 18 17:41 : update: added /1870_Wagner_Ride_Of_The_Valkyr.mp3
Jun 18 17:41 : update: added /009 Sound System - Dreamscape.mp3
Jun 18 17:41 : update: added /Pearl Jam - Immortality.mp3
Jun 18 17:41 : update: added UK Top 40 Singles Chart 30-05-2010/04 Jason Derulo - Ridin' Solo.mp3
Jun 18 17:41 : update: added UK Top 40 Singles Chart 30-05-2010/03 Iyaz - Solo.mp3
Jun 18 17:41 : update: added UK Top 40 Singles Chart 30-05-2010/37 Timbaland Feat Justin Timberlake - Carry Out.mp3
Jun 18 17:41 : update: added UK Top 40 Singles Chart 30-05-2010/12 Usher Feat Will I Am - Omg.mp3
Jun 18 17:41 : update: added UK Top 40 Singles Chart 30-05-2010/25 Tinie Tempah - Pass Out.mp3
Jun 18 17:41 : update: added UK Top 40 Singles Chart 30-05-2010/05 Eminem - Not Affraid.mp3
Jun 18 17:41 : update: added UK Top 40 Singles Chart 30-05-2010/24 Lady Gaga Feat Beyonce - Telephone.mp3
Jun 18 17:41 : update: added UK Top 40 Singles Chart 30-05-2010/34 Keri Hilson - I Like.mp3
Jun 18 17:41 : update: added UK Top 40 Singles Chart 30-05-2010/28 Alicia Keys - Empire State Of Mind (Part II).mp3
Jun 18 17:41 : update: added UK Top 40 Singles Chart 30-05-2010/17 Rihanna - Te Amo.mp3
Jun 18 17:41 : update: added UK Top 40 Singles Chart 30-05-2010/32 Justin Bieber Feat Ludacris - Baby.mp3
Jun 18 17:41 : update: added UK Top 40 Singles Chart 30-05-2010/33 David Guetta Feat Kid Cudi - Memories.mp3
Jun 18 17:41 : update: added UK Top 40 Singles Chart 30-05-2010/23 Taio Cruz Feat Ke$ha - Dirty Picture.mp3
Jun 18 17:41 : update: added UK Top 40 Singles Chart 30-05-2010/40 Lady Gaga - Alejandro.mp3
Jun 18 17:41 : update: added UK Top 40 Singles Chart 30-05-2010/19 Pendulum - Watercolour.mp3
Jun 18 17:41 : update: added UK Top 40 Singles Chart 30-05-2010/35 Chipmunk Feat Esmee Denters - Until You Were Gone.mp3
Jun 18 17:41 : update: added UK Top 40 Singles Chart 30-05-2010/30 Ellie Goulding - Guns And Horses.mp3
Jun 18 17:41 : update: added UK Top 40 Singles Chart 30-05-2010/01 Dizzee Rascal - Dirtee Disco.mp3
Jun 18 17:41 : update: added UK Top 40 Singles Chart 30-05-2010/27 Squad - 3 Lions 2010.mp3
Jun 18 17:41 : update: added UK Top 40 Singles Chart 30-05-2010/14 Plan B - She Said.mp3
Jun 18 17:41 : update: added UK Top 40 Singles Chart 30-05-2010/11 Alexandra Burke Feat Pitbull - All Night Long.mp3
Jun 18 17:41 : update: added UK Top 40 Singles Chart 30-05-2010/38 Michael Buble - Havent Met You Yet.mp3
Jun 18 17:41 : update: added UK Top 40 Singles Chart 30-05-2010/09 Roll Deep Feat Jodie Connor - Good Times.mp3
Jun 18 17:41 : update: added UK Top 40 Singles Chart 30-05-2010/22 Kelis - Acapella.mp3
Jun 18 17:41 : update: added UK Top 40 Singles Chart 30-05-2010/02 B.o.B Feat Bruno Mars - Nothin On You.mp3
Jun 18 17:41 : update: added UK Top 40 Singles Chart 30-05-2010/20 The Pretty Reckless - Make Me Wanna Die.mp3
Jun 18 17:41 : update: added UK Top 40 Singles Chart 30-05-2010/16 K'Naan - Wavin Flag.mp3
Jun 18 17:41 : update: added UK Top 40 Singles Chart 30-05-2010/13 Alicia Keys - Try Sleeping With A Broken Heart.mp3
Jun 18 17:41 : update: added UK Top 40 Singles Chart 30-05-2010/21 Train - Hey, Soul Sister.mp3
Jun 18 17:41 : update: added /Pearl_Jam_-_Wishlist.MP3
Jun 18 17:41 : update: added /Meiko_Kaji_-_Kill_Bill_Vol_1_S.mp3
Jun 18 17:41 : update: added /Soundtrack - SAW Final Theme.mp3
Jun 18 17:41 : update: added /Vitaliy Zavadskyy - A Flight To Remember.mp3
Jun 18 17:41 : update: added /Snoop_Dogg_And_The_Dream-Gangsta_Luv.mp3
Jun 18 17:41 : update: added /Oceans-_pearl_jam.mp3
Jun 18 17:41 : update: added /Eric Johnson - Trademark.mp3
Jun 18 17:41 : update: added /Kayne West - Touch The Sky.mp3
Jun 18 17:41 : update: added /Pearl_Jam_feat_Ben_Harper_-_Indifference..mp3
Jun 18 17:41 : update: added VA - New Releases Of Trance 8 (2010-06-01)/55 - Matt Eray - Before The Rain (Rob Dire Remix).mp3
Jun 18 17:41 : update: added Titanic - Soundtrack/Titanic.mp3
Jun 18 17:41 : update: added Titanic - Soundtrack/Take her to Sea, Mr Murdoch.mp3
Jun 18 17:41 : update: added Titanic - Soundtrack/A Life so changed.mp3
Jun 18 17:41 : update: added Titanic - Soundtrack/My Heart will go on (Love theme)  - Celine Dion.mp3
Jun 18 17:41 : update: added Titanic - Soundtrack/Never an Absolution.mp3
Jun 18 17:41 : update: added Titanic - Soundtrack/Hymn to the Sea.mp3
Jun 18 17:41 : update: added Titanic - Soundtrack/Rose.mp3
Jun 18 17:41 : update: added Titanic - Soundtrack/Leaving Port.mp3
Jun 18 17:41 : update: added Titanic - Soundtrack/An ocean of memories.mp3
Jun 18 17:41 : update: added Titanic - Soundtrack/My heart will go on.mp3
Jun 18 17:41 : update: added Titanic - Soundtrack/titanic - the portrait.mp3
Jun 18 17:41 : update: added Titanic - Soundtrack/Unable to stay Unwilling to leave.mp3
Jun 18 17:41 : update: added Titanic - Soundtrack/Titanic remix.mp3
Jun 18 17:41 : update: added Titanic - Soundtrack/Death of Titanic.mp3
Jun 18 17:41 : update: added Opeth/Orchid/Opeth_-_Orchid_-_05_-_The_Twilight_is_My_Robe.mp3
Jun 18 17:41 : update: added Opeth/Orchid/Opeth_-_Orchid_-_01_-_In_the_Mist_She_was_Standing.mp3
Jun 18 17:41 : update: added Opeth/Orchid/Opeth_-_Orchid_-_04_-_Forest_of_October.mp3
Jun 18 17:41 : update: added Opeth/Orchid/Opeth_-_Orchid_-_06_-_Requiem.mp3
Jun 18 17:41 : update: added Opeth/Orchid/Opeth_-_Orchid_-_03_-_Silhouette.mp3
Jun 18 17:41 : update: added Opeth/Orchid/Opeth_-_Orchid_-_02_-_Under_the_Weeping_Moon.mp3
Jun 18 17:41 : update: added Opeth/Orchid/Opeth_-_Orchid_-_07_-_The Apostle_in_Triumph.mp3
Jun 18 17:41 : update: added Opeth/Morningrise/Opeth - Morningrise - 01 - Advent.mp3
Jun 18 17:41 : update: added Opeth/Morningrise/Opeth - Morningrise - 05 - To Bid You Farewell.mp3
Jun 18 17:41 : update: added Opeth/Morningrise/Opeth - Morningrise - 02 - The Night And The Silent Water.mp3
Jun 18 17:41 : update: added Opeth/Morningrise/Opeth - Morningrise - 03 - Nectar.mp3
Jun 18 17:41 : update: added Opeth/Morningrise/Opeth - Morningrise - 04 - Black Rose Immortal.mp3
Jun 18 17:41 : update: added Opeth/Still Life/Opeth - Still Life - 04 - Moonlapse Vertigo.mp3
Jun 18 17:41 : update: added Opeth/Still Life/Opeth - Still Life - 03 - Benighted.mp3
Jun 18 17:41 : update: added Opeth/Still Life/Opeth - Still Life - 07 - While Cluster.mp3
Jun 18 17:41 : update: added Opeth/Still Life/Opeth - Still Life - 06 - Serenity Painted Death.mp3
Jun 18 17:41 : update: added Opeth/Still Life/Opeth - Still Life - 02 - Godheads Lament.mp3
Jun 18 17:41 : update: added Opeth/Still Life/Opeth - Still Life - 05 - Face Of Melinda.mp3
Jun 18 17:41 : update: added Opeth/Still Life/Opeth - Still Life - 01 - The Moor.mp3
Jun 18 17:41 : update: added Opeth/Ghost Reveries/Opeth - Ghost Reveries - 3 - Beneath the Mire.mp3
Jun 18 17:41 : update: added Opeth/Ghost Reveries/Opeth - Ghost Reveries - 4 - Atonement.mp3
Jun 18 17:41 : update: added Opeth/Ghost Reveries/Opeth - Ghost Reveries - 5 - Reverie-Harlequin Forest.mp3
Jun 18 17:41 : update: added Opeth/Ghost Reveries/Opeth - Ghost Reveries - 6 - Hours of Wealth.mp3
Jun 18 17:41 : update: added Opeth/Ghost Reveries/Opeth - Ghost Reveries - 8 - Isolation Years.mp3
Jun 18 17:41 : update: added Opeth/Ghost Reveries/Opeth - Ghost Reveries - 1 - Ghost of Perdition.mp3
Jun 18 17:41 : update: added Opeth/Ghost Reveries/Opeth - Ghost Reveries - 2 - The Baying of the Hounds.mp3
Jun 18 17:41 : update: added Opeth/Ghost Reveries/Opeth - Ghost Reveries - 7 - The Grand Conjuration.mp3
Jun 18 17:41 : update: added Opeth/Damnation/opeth - damnation - 06 - to rid the disease.mp3
Jun 18 17:41 : update: added Opeth/Damnation/opeth - damnation - 07 - ending credits.mp3
Jun 18 17:41 : update: added Opeth/Damnation/opeth - damnation - 02 - in my time of need.mp3
Jun 18 17:41 : update: added Opeth/Damnation/opeth - damnation - 01 - windowpane.mp3
Jun 18 17:41 : update: added Opeth/Damnation/opeth - damnation - 08 - weakness.mp3
Jun 18 17:41 : update: added Opeth/Damnation/opeth - damnation - 04 - closure.mp3
Jun 18 17:41 : update: added Opeth/Damnation/opeth - damnation - 05 - hope leaves.mp3
Jun 18 17:41 : update: added Opeth/Damnation/opeth - damnation - 03 - death whispered a lullaby.mp3
Jun 18 17:41 : update: added Opeth/Blackwater Park/Opeth - Blackwater Park - 07 - Patterns In The Ivy.mp3
Jun 18 17:41 : update: added Opeth/Blackwater Park/Opeth - Blackwater Park - 08 - Blackwater Park.mp3
Jun 18 17:41 : update: added Opeth/Blackwater Park/Opeth - Blackwater Park - 06 - The Funeral Portrait.mp3
Jun 18 17:41 : update: added Opeth/Blackwater Park/Opeth - Blackwater Park - 02 - Bleak.mp3
Jun 18 17:41 : update: added Opeth/Blackwater Park/Opeth - Blackwater Park - 04 - The Drapery Falls.mp3
Jun 18 17:41 : update: added Opeth/Blackwater Park/Opeth - Blackwater Park - 01 - The Leper Affinity.mp3
Jun 18 17:41 : update: added Opeth/Blackwater Park/Opeth - Blackwater Park - 03 - Harvest.mp3
Jun 18 17:41 : update: added Opeth/Blackwater Park/Opeth - Blackwater Park - 05 - Dirge For November.mp3
Jun 18 17:41 : update: added Opeth/Deliverance/Opeth - Deliverance - 02 - Deliverance.mp3
Jun 18 17:41 : update: added Opeth/Deliverance/Opeth - Deliverance - 06 - By the Pain I See in Others.mp3
Jun 18 17:41 : update: added Opeth/Deliverance/Opeth - Deliverance - 04 - For Absent Friends.mp3
Jun 18 17:41 : update: added Opeth/Deliverance/Opeth - Deliverance - 03 - A Fair Judgement.mp3
Jun 18 17:41 : update: added Opeth/Deliverance/Opeth - Deliverance - 01 - Wreath.mp3
Jun 18 17:41 : update: added Opeth/Deliverance/Opeth - Deliverance - 05 - Masters Apprentices.mp3
Jun 18 17:41 : update: added Opeth/My Arms, Your Hearse/Opeth - My Arms, Your Hearse - 03 - When.mp3
Jun 18 17:41 : update: added Opeth/My Arms, Your Hearse/Opeth - My Arms, Your Hearse - 06 - Demon Of The Fall.mp3
Jun 18 17:41 : update: added Opeth/My Arms, Your Hearse/Opeth - My Arms, Your Hearse - 01 - Prologue.mp3
Jun 18 17:41 : update: added Opeth/My Arms, Your Hearse/Opeth - My Arms, Your Hearse - 02 - April Ethereal.mp3
Jun 18 17:41 : update: added Opeth/My Arms, Your Hearse/Opeth - My Arms, Your Hearse - 09 - Epilogue.mp3
Jun 18 17:41 : update: added Opeth/My Arms, Your Hearse/Opeth - My Arms, Your Hearse - 07 - Credence.mp3
Jun 18 17:41 : update: added Opeth/My Arms, Your Hearse/Opeth - My Arms, Your Hearse - 08 - Karma.mp3
Jun 18 17:41 : update: added Opeth/My Arms, Your Hearse/Opeth - My Arms, Your Hearse - 05 - The Amen Corner.mp3
Jun 18 17:41 : update: added Opeth/My Arms, Your Hearse/Opeth - My Arms, Your Hearse - 04 - Madrigal.mp3
Jun 18 17:41 : update: added /Tool - Schism.mp3
Jun 18 17:41 : update: added /Science - System Of A Down.mp3
Jun 18 17:41 : update: added Bourne Identity/04 At The Bank.mp3
Jun 18 17:41 : update: added Bourne Identity/15 On Bridge Number 9.mp3
Jun 18 17:41 : update: added Bourne Identity/13 At The Farmhouse.mp3
Jun 18 17:41 : update: added Bourne Identity/09 At The Hairdressers.mp3
Jun 18 17:41 : update: added Bourne Identity/12 Taxi Ride.mp3
Jun 18 17:41 : update: added Bourne Identity/10 Hotel Regina.mp3
Jun 18 17:41 : update: added Bourne Identity/19 Drum And Bass Remix.mp3
Jun 18 17:41 : update: added Bourne Identity/11 The Investigation.mp3
Jun 18 17:41 : update: added Bourne Identity/05 Bourne On Land.mp3
Jun 18 17:41 : update: added Bourne Identity/07 The Drive To Paris.mp3
Jun 18 17:41 : update: added Bourne Identity/02 Bourne Gets Well.mp3
Jun 18 17:41 : update: added Bourne Identity/01 Main Titles.mp3
Jun 18 17:41 : update: added Bourne Identity/06 Escape From Embassy.mp3
Jun 18 17:41 : update: added Bourne Identity/18 The Bourne Identity.mp3
Jun 18 17:41 : update: added Bourne Identity/08 The Apartment.mp3
Jun 18 17:41 : update: added Bourne Identity/03 Treadstone Assassins.mp3
Jun 18 17:41 : update: added Bourne Identity/17 Mood Build.mp3
Jun 18 17:41 : update: added Bourne Identity/16 Jason's Theme.mp3
Jun 18 17:41 : update: added Bourne Identity/14 Jason Phones It In.mp3
Jun 18 17:41 : update: added /009 Sound System - Trinity.mp3
Jun 18 17:41 : update: added /Dream Theater - A Change Of Seasons.mp3
Jun 18 17:41 : update: added /System Of A Down - B.Y.O.B..mp3
Jun 18 17:41 : update: added /simon and garfunkel - scarborough fair.mp3
Jun 18 17:41 : update: added /Simon and Garfunkal - Mrs. Robinson.mp3
Jun 18 17:41 : update: added /The Fifth Element - Soundtrack - Paul Oakenfold - Diva Dance (Full Opera Mix).mp3
Jun 18 17:41 : update: added creative commons/Nurykabe_-_280210_seq_02.mp3
Jun 18 17:41 : update: added creative commons/magnatune_-_ghost_-_below_reverse.mp3
Jun 18 17:41 : update: added creative commons/gmz_-_Parametaphoriquement.mp3
Jun 18 17:41 : update: added creative commons/_ghost_-_You_never_know_where_you_ll_wake_up.mp3
Jun 18 17:41 : update: added creative commons/copyrightcriminals_-_ghost_-_Criminal_background.mp3
Jun 18 17:41 : update: added creative commons/_ghost_-_Ice_and_Chilli.mp3
Jun 18 17:41 : update: added creative commons/gmz_-_In_My_Dub_Dreams.mp3
Jun 18 17:41 : update: added creative commons/_ghost_-_Cold_Theme_(Unlimited_Bass_Edition).mp3
Jun 18 17:41 : update: added creative commons/dydjej_inja_-_Loopinek_and_his_cnc_machined_woody_friends.mp3
Jun 18 17:41 : update: added creative commons/_ghost_-_promo_2_sample_pack.mp3
Jun 18 17:41 : update: added creative commons/crammed_-_ghost_-_Nebula_Dub.mp3
Jun 18 17:41 : update: added creative commons/gmz_-_Sin_Duda.mp3
Jun 18 17:41 : update: added creative commons/crammed_-_ghost_-_Sound_Wanderer.mp3
Jun 18 17:41 : update: added creative commons/Fex_-_Pryvate_Sykadelik_Beatings.mp3
Jun 18 17:41 : update: added creative commons/_ghost_-_blood_frame.mp3
Jun 18 17:41 : update: added creative commons/dydjej_inja_-_Too_long_drink_to_morning_feat._mocking_bird.mp3
Jun 18 17:41 : update: added creative commons/Fireproof_Babies_-_Chase_sequence.mp3
Jun 18 17:41 : update: added creative commons/_ghost_-_Visions.mp3
Jun 18 17:41 : update: added creative commons/_ghost_-_Surreal_in_Vienna.mp3
Jun 18 17:41 : update: added creative commons/_ghost_-_Reverie_(small_theme).mp3
Jun 18 17:41 : update: added creative commons/_ghost_-_LIES_(Ghostrust_considerations).mp3
Jun 18 17:41 : update: added creative commons/gmz_-_Plan_Your_Escape.mp3
Jun 18 17:41 : update: added creative commons/_ghost_-_Persephone_(Ghostrust_treatment).mp3
Jun 18 17:41 : update: added creative commons/_ghost_-_Lullaby.mp3
Jun 18 17:41 : update: added creative commons/_ghost_-_Electric_bugs.mp3
Jun 18 17:41 : update: added creative commons/_ghost_-_Dub_Philosophy_(Mad_ghost_mix).mp3
Jun 18 17:41 : update: added creative commons/_ghost_-_Low_(Ghostrust_reflection).mp3
Jun 18 17:41 : update: added creative commons/_ghost_-_Set_music_to_the_moon.mp3
Jun 18 17:41 : update: added creative commons/phusion_-_AG-SYS(the_return).mp3
Jun 18 17:41 : update: added creative commons/_ghost_-_Discreet_homecoming.mp3
Jun 18 17:41 : update: added /Lynyrd_Skynyrd_-_Free_Bird.mp3
Jun 18 17:41 : update: added /Yngwie_-_Black_star.mp3
Jun 18 17:41 : update: added /Rage Against The Machine - Renegades of Funk.mp3
Jun 18 17:41 : update: added Black strat blues/Blackstratblues - Chet.mp3
Jun 18 17:41 : update: added Black strat blues/Blackstratblues - Voodoo Chile _Jimi Hend.mp3
Jun 18 17:41 : update: added Black strat blues/Blackstratblues - Jam _With AJ_ Lew_ Ashw.mp3
Jun 18 17:41 : update: added Black strat blues/Blackstratblues - RVS Jam _With Adam Mart.mp3
Jun 18 17:41 : update: added Black strat blues/Blackstratblues - Anti Gravity.mp3
Jun 18 17:41 : update: added Black strat blues/Blackstratblues - Eleanor Rigby _The Beat.mp3
Jun 18 17:41 : update: added Black strat blues/Blackstratblues - Estoy Soltero.mp3
Jun 18 17:41 : update: added Black strat blues/Blackstratblues - Film.mp3
Jun 18 17:41 : update: added Black strat blues/Blackstratblues - Bitch _With Sean And Zo.mp3
Jun 18 17:41 : update: added Black strat blues/Blackstratblues - Mark My Words.mp3
Jun 18 17:41 : update: added Black strat blues/Blackstratblues - Red Ant Funk.mp3
Jun 18 17:41 : update: added Black strat blues/Blackstratblues - Take 5 _ A Half.mp3
Jun 18 17:41 : update: added Black strat blues/Blackstratblues - Jantar Mantar.mp3
Jun 18 17:41 : update: added Black strat blues/Blackstratblues - Hevvy Metchul.mp3
Jun 18 17:41 : update: added Black strat blues/Blackstratblues - Red Ant Jam.mp3
Jun 18 17:41 : update: added Black strat blues/Blackstratblues - Brothers In Arms _Dire .mp3
Jun 18 17:41 : update: added Black strat blues/Blackstratblues - Surds From Hell.mp3
Jun 18 17:41 : update: added Black strat blues/Blackstratblues - Death To Rappers.mp3
Jun 18 17:41 : update: added Black strat blues/Blackstratblues - Talk To Your Daughter _.mp3
Jun 18 17:41 : update: added Black strat blues/Blackstratblues - Spew Bag Blues.mp3
Jun 18 17:41 : update: added Black strat blues/Blackstratblues - Gambale Jam.mp3
Jun 18 17:41 : update: added Black strat blues/Blackstratblues - Lowrider _With Zorran_.mp3
Jun 18 17:41 : update: added Black strat blues/Blackstratblues - Red Ant_s Psycho Funk.mp3
Jun 18 17:41 : update: added Black strat blues/Blackstratblues - Evil _With Damagemedarl.mp3
Jun 18 17:41 : update: added Black strat blues/Blackstratblues - RVS 3.mp3
Jun 18 17:41 : update: added Black strat blues/Blackstratblues - More Metchul _With Zorr.mp3
Jun 18 17:41 : update: added Black strat blues/Blackstratblues - Classical Gas.mp3
Jun 18 17:41 : update: added Black strat blues/Blackstratblues - Purple Rain _With Siddh.mp3
Jun 18 17:41 : update: added Black strat blues/Blackstratblues - Tubehead.mp3
Jun 18 17:41 : update: added Black strat blues/Blackstratblues - Lokhand _With Zorran_.mp3
Jun 18 17:41 : update: added Black strat blues/Blackstratblues - The Great Gig In The Sk.mp3
Jun 18 17:41 : update: added Black strat blues/Blackstratblues - La Grange Jam _With Chr.mp3
Jun 18 17:41 : update: added Black strat blues/Blackstratblues - I Won_t Pick Up Your Ph.mp3
Jun 18 17:41 : update: added Black strat blues/Blackstratblues - Geetar Excess.mp3
Jun 18 17:41 : update: added Black strat blues/Blackstratblues - Unity _With Randy Van S.mp3
Jun 18 17:41 : update: added Black strat blues/Blackstratblues - New Clip.mp3
Jun 18 17:41 : update: added Black strat blues/Blackstratblues - Tin Pin Alley.mp3
Jun 18 17:41 : update: added Black strat blues/Blackstratblues - Dreaming _With Randy Va.mp3
Jun 18 17:41 : update: added Black strat blues/Blackstratblues - Ban Electronica _With Z.mp3
Jun 18 17:41 : update: added Black strat blues/Blackstratblues - Fast Drive.mp3
Jun 18 17:41 : update: added Black strat blues/Blackstratblues - Cliffs Of Dover _Eric J.mp3
Jun 18 17:41 : update: added Black strat blues/Blackstratblues - Weeee.mp3
Jun 18 17:41 : update: added Black strat blues/Blackstratblues - Jam _With Ricker_.mp3
Jun 18 17:41 : update: added Black strat blues/Blackstratblues - Brighten Rock _Brian Ma.mp3
Jun 18 17:41 : update: added Black strat blues/Blackstratblues - Funky Shit _With Zorran.mp3
Jun 18 17:41 : update: added Black strat blues/Blackstratblues - Beat It _Michael Jackso.mp3
Jun 18 17:41 : update: added Black strat blues/Blackstratblues - Killing Floor.mp3
Jun 18 17:41 : update: added Black strat blues/Blackstratblues - Yakety Axe.mp3
Jun 18 17:41 : update: added Black strat blues/Blackstratblues - Jam _With Vishal Nayak_.mp3
Jun 18 17:41 : update: added Black strat blues/Blackstratblues - Laney Lead.mp3
Jun 18 17:41 : update: added Black strat blues/Blackstratblues - Golbe Trotting Jam _Wit.mp3
Jun 18 17:41 : update: added Black strat blues/Blackstratblues - Gigpad Jam _With Zorran.mp3
Jun 18 17:41 : update: added Black strat blues/Blackstratblues - Ebow Down.mp3
Jun 18 17:41 : update: added Black strat blues/Blackstratblues - Imaginary Theme.mp3
Jun 18 17:41 : update: added Black strat blues/Blackstratblues - Jam _With AJ_ Lew_ Sidd.mp3
Jun 18 17:41 : update: added Black strat blues/Blackstratblues - Red Ant Jam 2 _With Rus.mp3
Jun 18 17:41 : update: added Black strat blues/Blackstratblues - Hello Pork Pie Hat.mp3
Jun 18 17:41 : update: added Black strat blues/Blackstratblues - Quackor The Metal Ducky.mp3
Jun 18 17:41 : update: added Black strat blues/Blackstratblues - Kiwi Blues.mp3
Jun 18 17:41 : update: added /Tracy Chapman feat BB King -The Thrill Is Gone.mp3
Jun 18 17:41 : update: added /176_-_PINK_FLOYD_-_TIME.mp3
Jun 18 17:41 : update: added Bourne Ultimatum/09-john_powell-jason_is_reborn.mp3
Jun 18 17:41 : update: added Bourne Ultimatum/05-john_powell-faces_without_names.mp3
Jun 18 17:41 : update: added Bourne Ultimatum/06-john_powell-waterloo.mp3
Jun 18 17:41 : update: added Bourne Ultimatum/02-john_powell-tangiers.mp3
Jun 18 17:41 : update: added Bourne Ultimatum/08-john_powell-man_versus_man.mp3
Jun 18 17:41 : update: added Bourne Ultimatum/07-john_powell-coming_home.mp3
Jun 18 17:41 : update: added Bourne Ultimatum/01-john_powell-six_weeks_ago.mp3
Jun 18 17:41 : update: added Bourne Ultimatum/10-moby-extreme_ways_(bournes_ultimatum).mp3
Jun 18 17:41 : update: added Bourne Ultimatum/04-john_powell-assets_and_targets.mp3
Jun 18 17:41 : update: added Bourne Ultimatum/03-john_powell-thinking_of_marie.mp3
Jun 18 17:41 : update: added /_09_Daft_Punk_-_Technologic.mp3
Jun 18 17:41 : update: added /09_-_Ennio_Morricone_-_The_Ecs.mp3
Jun 18 17:41 : update: added /big-poppa.mp3
Jun 18 17:41 : update: added /The Beatles - While My Guitar Gently Weeps.mp3
Jun 18 17:41 : update: added /Rob Dougan - Clubbed To Death.mp3
Jun 18 17:41 : update: added Dads Jukebox Very Best Of 60s 70s 80s - 3CD's[2009](BINGOWINGZ)/CD3 80s/16_-_Harold_Faltermeyer_-_Axel_F.mp3
Jun 18 17:41 : update: added Dads Jukebox Very Best Of 60s 70s 80s - 3CD's[2009](BINGOWINGZ)/CD3 80s/17_-_The_Teardrop_Explodes_-_Reward.mp3
Jun 18 17:41 : update: added Dads Jukebox Very Best Of 60s 70s 80s - 3CD's[2009](BINGOWINGZ)/CD3 80s/09_-_Steve_Miller_-_Abracadabra.mp3
Jun 18 17:41 : update: added Dads Jukebox Very Best Of 60s 70s 80s - 3CD's[2009](BINGOWINGZ)/CD3 80s/11_-_Iggy_Pop_-_Real_Wild_Child_(Wild_One).mp3
Jun 18 17:41 : update: added Dads Jukebox Very Best Of 60s 70s 80s - 3CD's[2009](BINGOWINGZ)/CD3 80s/13_-_Dexys_Midnight_Runners_-_Come_On_Eileen.mp3
Jun 18 17:41 : update: added Dads Jukebox Very Best Of 60s 70s 80s - 3CD's[2009](BINGOWINGZ)/CD3 80s/20_-_Tears_For_Fears_-_Shout.mp3
Jun 18 17:41 : update: added Dads Jukebox Very Best Of 60s 70s 80s - 3CD's[2009](BINGOWINGZ)/CD3 80s/18_-_Joe_Jackson_-_Steppin'_Out.mp3
Jun 18 17:41 : update: added Dads Jukebox Very Best Of 60s 70s 80s - 3CD's[2009](BINGOWINGZ)/CD3 80s/05_-_Survivor_-_Eye_Of_The_Tiger.mp3
Jun 18 17:41 : update: added Dads Jukebox Very Best Of 60s 70s 80s - 3CD's[2009](BINGOWINGZ)/CD3 80s/01_-_Kiss_-_Crazy_Crazy_Nights.mp3
Jun 18 17:41 : update: added Dads Jukebox Very Best Of 60s 70s 80s - 3CD's[2009](BINGOWINGZ)/CD3 80s/10_-_Big_Country_-_In_A_Big_Country.mp3
Jun 18 17:41 : update: added Dads Jukebox Very Best Of 60s 70s 80s - 3CD's[2009](BINGOWINGZ)/CD3 80s/07_-_Soft_Cell_-_Tainted_Love.mp3
Jun 18 17:41 : update: added Dads Jukebox Very Best Of 60s 70s 80s - 3CD's[2009](BINGOWINGZ)/CD3 80s/12_-_Level_42_-_Something_About_You.mp3
Jun 18 17:41 : update: added Dads Jukebox Very Best Of 60s 70s 80s - 3CD's[2009](BINGOWINGZ)/CD3 80s/02_-_Housemartins_-_Happy_Hour.mp3
Jun 18 17:41 : update: added Dads Jukebox Very Best Of 60s 70s 80s - 3CD's[2009](BINGOWINGZ)/CD3 80s/19_-_Style_Council_-_You're_The_Best_Thing.mp3
Jun 18 17:41 : update: added Dads Jukebox Very Best Of 60s 70s 80s - 3CD's[2009](BINGOWINGZ)/CD3 80s/03_-_The_La's_-_There_She_Goes.mp3
Jun 18 17:41 : update: added Dads Jukebox Very Best Of 60s 70s 80s - 3CD's[2009](BINGOWINGZ)/CD3 80s/14_-_Cameo_-_Word_Up!.mp3
Jun 18 17:41 : update: added Dads Jukebox Very Best Of 60s 70s 80s - 3CD's[2009](BINGOWINGZ)/CD3 80s/06_-_Robert_Palmer_-_Addicted_To_Love.mp3
Jun 18 17:41 : update: added Dads Jukebox Very Best Of 60s 70s 80s - 3CD's[2009](BINGOWINGZ)/CD3 80s/08_-_The_Jam_-_Going_Underground.mp3
Jun 18 17:41 : update: added Dads Jukebox Very Best Of 60s 70s 80s - 3CD's[2009](BINGOWINGZ)/CD3 80s/04_-_Tears_For_Fears_-_Everybody_Wants_To_Rule_The_World.mp3
Jun 18 17:41 : update: added Dads Jukebox Very Best Of 60s 70s 80s - 3CD's[2009](BINGOWINGZ)/CD3 80s/15_-_Beastie_Boys_-_(You_Gotta)_Fight_ForYour_Right_(To_Party).mp3
Jun 18 17:41 : update: added Dads Jukebox Very Best Of 60s 70s 80s - 3CD's[2009](BINGOWINGZ)/CD1 60s/17_-_Traffic_-_Paper_Sun.mp3
Jun 18 17:41 : update: added Dads Jukebox Very Best Of 60s 70s 80s - 3CD's[2009](BINGOWINGZ)/CD1 60s/06_-_Stevie_Wonder_-_Uptight_(Everythings_Alright).mp3
Jun 18 17:41 : update: added Dads Jukebox Very Best Of 60s 70s 80s - 3CD's[2009](BINGOWINGZ)/CD1 60s/19_-_Righteous_Brothers_-_You've_Lost_That_Lovin'_Feelin'.mp3
Jun 18 17:41 : update: added Dads Jukebox Very Best Of 60s 70s 80s - 3CD's[2009](BINGOWINGZ)/CD1 60s/07_-_Animals_-_House_Of_The_Rising_Sun.mp3
Jun 18 17:41 : update: added Dads Jukebox Very Best Of 60s 70s 80s - 3CD's[2009](BINGOWINGZ)/CD1 60s/03_-_Foundations_-_Build_Me_Up_Buttercup.mp3
Jun 18 17:41 : update: added Dads Jukebox Very Best Of 60s 70s 80s - 3CD's[2009](BINGOWINGZ)/CD1 60s/01_-_Steppenwolf_-_Born_To_Be_Wild.mp3
Jun 18 17:41 : update: added Dads Jukebox Very Best Of 60s 70s 80s - 3CD's[2009](BINGOWINGZ)/CD1 60s/16_-_John_Mayall_&_The_Bluesbreakers_-_I'm_Your_Witchdoctor.mp3
Jun 18 17:41 : update: added Dads Jukebox Very Best Of 60s 70s 80s - 3CD's[2009](BINGOWINGZ)/CD1 60s/14_-_Donovan_-_Catch_The_Wind.mp3
Jun 18 17:41 : update: added Dads Jukebox Very Best Of 60s 70s 80s - 3CD's[2009](BINGOWINGZ)/CD1 60s/13_-_Amen_Corner_-_(If_Paradise_Is)_Half_As_Nice.mp3
Jun 18 17:41 : update: added Dads Jukebox Very Best Of 60s 70s 80s - 3CD's[2009](BINGOWINGZ)/CD1 60s/02_-_Small_Faces_-_Itchycoo_Park.mp3
Jun 18 17:41 : update: added Dads Jukebox Very Best Of 60s 70s 80s - 3CD's[2009](BINGOWINGZ)/CD1 60s/08_-_Upsetters_-_Return_Of_Django.mp3
Jun 18 17:41 : update: added Dads Jukebox Very Best Of 60s 70s 80s - 3CD's[2009](BINGOWINGZ)/CD1 60s/15_-_Chris_Farlowe_-_Out_Of_Time.mp3
Jun 18 17:41 : update: added Dads Jukebox Very Best Of 60s 70s 80s - 3CD's[2009](BINGOWINGZ)/CD1 60s/18_-_Engelbert_-_Please_Release_Me_(Let_Me_Go).mp3
Jun 18 17:41 : update: added Dads Jukebox Very Best Of 60s 70s 80s - 3CD's[2009](BINGOWINGZ)/CD1 60s/11_-_Searchers_-_Needles_&_Pins.mp3
Jun 18 17:41 : update: added Dads Jukebox Very Best Of 60s 70s 80s - 3CD's[2009](BINGOWINGZ)/CD1 60s/20_-_Troggs_-_Wild_Thing.mp3
Jun 18 17:41 : update: added Dads Jukebox Very Best Of 60s 70s 80s - 3CD's[2009](BINGOWINGZ)/CD1 60s/09_-_Spencer_Davis_Group_-_I'm_A_Man.mp3
Jun 18 17:41 : update: added Dads Jukebox Very Best Of 60s 70s 80s - 3CD's[2009](BINGOWINGZ)/CD1 60s/12_-_Walker_Brothers_-_Make_It_Easy_On_Yourself.mp3
Jun 18 17:41 : update: added Dads Jukebox Very Best Of 60s 70s 80s - 3CD's[2009](BINGOWINGZ)/CD1 60s/10_-_Crazy_World_Of_Arthur_Brown_-_Fire.mp3
Jun 18 17:41 : update: added Dads Jukebox Very Best Of 60s 70s 80s - 3CD's[2009](BINGOWINGZ)/CD1 60s/05_-_James_Brown_-_I_Got_You_(I_Fell_Good).mp3
Jun 18 17:41 : update: added Dads Jukebox Very Best Of 60s 70s 80s - 3CD's[2009](BINGOWINGZ)/CD1 60s/04_-_Tom_Jones_-_It's_Not_Unusual.mp3
Jun 18 17:41 : update: added Dads Jukebox Very Best Of 60s 70s 80s - 3CD's[2009](BINGOWINGZ)/CD2 70s/19_-_Supertramp_-_The_Logical_Song.mp3
Jun 18 17:41 : update: added Dads Jukebox Very Best Of 60s 70s 80s - 3CD's[2009](BINGOWINGZ)/CD2 70s/20_-_Stealers_Wheel_-_Stuck_In_The_Middle_With_You.mp3
Jun 18 17:41 : update: added Dads Jukebox Very Best Of 60s 70s 80s - 3CD's[2009](BINGOWINGZ)/CD2 70s/14_-_Jackson_5_-_ABC.mp3
Jun 18 17:41 : update: added Dads Jukebox Very Best Of 60s 70s 80s - 3CD's[2009](BINGOWINGZ)/CD2 70s/17_-_Allman_Brothers_Band_-_Jessica.mp3
Jun 18 17:41 : update: added Dads Jukebox Very Best Of 60s 70s 80s - 3CD's[2009](BINGOWINGZ)/CD2 70s/08_-_Lynyrd_Skynyrd_-_Free_Bird.mp3
Jun 18 17:41 : update: added Dads Jukebox Very Best Of 60s 70s 80s - 3CD's[2009](BINGOWINGZ)/CD2 70s/02_-_Bachman-Turner_Overdrive_-_You_Ain't_Seen_Nothing_Yet.mp3
Jun 18 17:41 : update: added Dads Jukebox Very Best Of 60s 70s 80s - 3CD's[2009](BINGOWINGZ)/CD2 70s/11_-_Squeeze_-_Up_The_Junction.mp3
Jun 18 17:41 : update: added Dads Jukebox Very Best Of 60s 70s 80s - 3CD's[2009](BINGOWINGZ)/CD2 70s/10_-_Ian_Dury_&_The_Blockheads_-_Hit_Me_With_Your_Rhythm_Stick.mp3
Jun 18 17:41 : update: added Dads Jukebox Very Best Of 60s 70s 80s - 3CD's[2009](BINGOWINGZ)/CD2 70s/18_-_Status_Quo_-_Down_Down.mp3
Jun 18 17:41 : update: added Dads Jukebox Very Best Of 60s 70s 80s - 3CD's[2009](BINGOWINGZ)/CD2 70s/03_-_Status_Quo_-_Rockin'_All_Over_The_World.mp3
Jun 18 17:41 : update: added Dads Jukebox Very Best Of 60s 70s 80s - 3CD's[2009](BINGOWINGZ)/CD2 70s/06_-_Rod_Stewart_-_Maggie_May.mp3
Jun 18 17:41 : update: added Dads Jukebox Very Best Of 60s 70s 80s - 3CD's[2009](BINGOWINGZ)/CD2 70s/16_-_10cc_-_Dreadlock_Holiday.mp3
Jun 18 17:41 : update: added Dads Jukebox Very Best Of 60s 70s 80s - 3CD's[2009](BINGOWINGZ)/CD2 70s/13_-_Temptations_-_Papa_Was_A_Rolling_Stone.mp3
Jun 18 17:41 : update: added Dads Jukebox Very Best Of 60s 70s 80s - 3CD's[2009](BINGOWINGZ)/CD2 70s/01_-_Lynyrd_Skynyrd_-_Sweet_Home_Alabama.mp3
Jun 18 17:41 : update: added Dads Jukebox Very Best Of 60s 70s 80s - 3CD's[2009](BINGOWINGZ)/CD2 70s/05_-_Free_-_All_Right_Now.mp3
Jun 18 17:41 : update: added Dads Jukebox Very Best Of 60s 70s 80s - 3CD's[2009](BINGOWINGZ)/CD2 70s/07_-_Elton_John_-_Saturday_Night's_Alright_For_Fighting.mp3
Jun 18 17:41 : update: added Dads Jukebox Very Best Of 60s 70s 80s - 3CD's[2009](BINGOWINGZ)/CD2 70s/12_-_Sparks_-_This_Town_Ain't_Big_Enough_For_The_Both_Of_Us.mp3
Jun 18 17:41 : update: added Dads Jukebox Very Best Of 60s 70s 80s - 3CD's[2009](BINGOWINGZ)/CD2 70s/15_-_Kool_&_The_Gang_-_Jungle_Boogie.mp3
Jun 18 17:41 : update: added Dads Jukebox Very Best Of 60s 70s 80s - 3CD's[2009](BINGOWINGZ)/CD2 70s/09_-_The_Jam_-_The_Eton_Rifles.mp3
Jun 18 17:41 : update: added Dads Jukebox Very Best Of 60s 70s 80s - 3CD's[2009](BINGOWINGZ)/CD2 70s/04_-_Thin_Lizzy_-_Don't_Believe_A_Word.mp3
Jun 18 17:41 : update: added /Eminem ft. Elton John - Stan (Live Grammy Performance 2001).mp3
Jun 18 17:41 : update: added Bourne Theme Compilation/2. John Powell - Taxi Ride.mp3
Jun 18 17:41 : update: added Bourne Theme Compilation/9. John Powell - Bim Bam Smash.mp3
Jun 18 17:41 : update: added Bourne Theme Compilation/1. John Powell - Bourne on Land.mp3
Jun 18 17:41 : update: added Bourne Theme Compilation/3. John Powell - At the Farmhouse.mp3
Jun 18 17:41 : update: added Bourne Theme Compilation/8. John Powell - Moscow Wind Up.mp3
Jun 18 17:41 : update: added Bourne Theme Compilation/10. John Powell - Six Weeks Ago.mp3
Jun 18 17:41 : update: added Bourne Theme Compilation/12. Moby - Extreme Ways (Bourne's Ultimatum).mp3
Jun 18 17:41 : update: added Bourne Theme Compilation/6. John Powell - Nach Deutschland.mp3
Jun 18 17:41 : update: added Bourne Theme Compilation/4. John Powell - On Bridge Number 9.mp3
Jun 18 17:41 : update: added Bourne Theme Compilation/7. John Powell - To the Roof.mp3
Jun 18 17:41 : update: added Bourne Theme Compilation/13. John Powell - End Credits (Part 2).mp3
Jun 18 17:41 : update: added Bourne Theme Compilation/11. John Powell - Man Versus Man.mp3
Jun 18 17:41 : update: added Bourne Theme Compilation/5. Moby - Extreme Ways.mp3
Jun 18 17:41 : update: added /PinkFloyd-ComfortablyNumb.mp3
Jun 18 17:41 : update: added Plugins Pleasure - Trip Must Be Good/06 Plugins Pleasure - Cricet Serenade.mp3
Jun 18 17:41 : update: added Plugins Pleasure - Trip Must Be Good/05 Plugins Pleasure - Higher (feat Second hand Band).mp3
Jun 18 17:41 : update: added Plugins Pleasure - Trip Must Be Good/03 Plugins Pleasure - Russian Golden Ring Dub.mp3
Jun 18 17:41 : update: added Plugins Pleasure - Trip Must Be Good/04 Plugins Pleasure - Abstract Dimension.mp3
Jun 18 17:41 : update: added Plugins Pleasure - Trip Must Be Good/02 Plugins Pleasure - Blue Dog.mp3
Jun 18 17:41 : update: added Plugins Pleasure - Trip Must Be Good/01 Plugins Pleasure - Trip Must be Good.mp3
Jun 18 17:41 : update: added Plugins Pleasure - Trip Must Be Good/10 Plugins Pleasure - Red Sun.mp3
Jun 18 17:41 : update: added Plugins Pleasure - Trip Must Be Good/08 Plugins Pleasures - Shpon Dub.mp3
Jun 18 17:41 : update: added Plugins Pleasure - Trip Must Be Good/09 Plugins Pleasure - Cloud Shamen (feat Sea of Tranqility).mp3
Jun 18 17:41 : update: added Plugins Pleasure - Trip Must Be Good/07 Plugins Pleasure - Morning Sun.mp3
Jun 18 17:41 : update: added Plugins Pleasure - Trip Must Be Good/11 Plugins Pleasure - Ambient Dub.mp3
Jun 18 17:41 : update: added District 9 Soundtrack OST [2009]/06 Heading Home.mp3
Jun 18 17:41 : update: added District 9 Soundtrack OST [2009]/05 Harvesting Material.mp3
Jun 18 17:41 : update: added District 9 Soundtrack OST [2009]/11 Prawnkus.mp3
Jun 18 17:41 : update: added District 9 Soundtrack OST [2009]/08 Back to D9.mp3
Jun 18 17:41 : update: added District 9 Soundtrack OST [2009]/02 I Want That Arm.mp3
Jun 18 17:41 : update: added District 9 Soundtrack OST [2009]/01 District 9.mp3
Jun 18 17:41 : update: added District 9 Soundtrack OST [2009]/04 Exosuit.mp3
Jun 18 17:41 : update: added District 9 Soundtrack OST [2009]/09 Wikus Is Still Running.mp3
Jun 18 17:41 : update: added District 9 Soundtrack OST [2009]/03 She Calls.mp3
Jun 18 17:41 : update: added District 9 Soundtrack OST [2009]/10 Get Him Talking.mp3
Jun 18 17:41 : update: added District 9 Soundtrack OST [2009]/07 A Lot of Secrets.mp3
Jun 18 17:41 : update: added /While My Guitar Gently Weeps.mp3
Jun 18 17:41 : update: added Pearl Jam - Ten/01- Once.mp3
Jun 18 17:41 : update: added Pearl Jam - Ten/05- Black.mp3
Jun 18 17:41 : update: added Pearl Jam - Ten/07- Oceans.mp3
Jun 18 17:41 : update: added Pearl Jam - Ten/03- Alive.mp3
Jun 18 17:41 : update: added Pearl Jam - Ten/09- Garden.mp3
Jun 18 17:41 : update: added Pearl Jam - Ten/08- Porch.mp3
Jun 18 17:41 : update: added Pearl Jam - Ten/02- Even Flow.mp3
Jun 18 17:41 : update: added Pearl Jam - Ten/04- Why Go.mp3
Jun 18 17:41 : update: added Pearl Jam - Ten/10- Deep.mp3
Jun 18 17:41 : update: added Pearl Jam - Ten/11- Release.mp3
Jun 18 17:41 : update: added Pearl Jam - Ten/12- (Track Final).mp3
Jun 18 17:41 : update: added Pearl Jam - Ten/06- Jeremy.mp3
Jun 18 17:41 : update: added Pearl Jam - Vs/05 - Pearl Jam - Dissident.mp3
Jun 18 17:41 : update: added Pearl Jam - Vs/06 - Pearl Jam - W.M.A.mp3
Jun 18 17:41 : update: added Pearl Jam - Vs/01 - Pearl Jam - Go.mp3
Jun 18 17:41 : update: added Pearl Jam - Vs/04 - Pearl Jam - Glorified G.mp3
Jun 18 17:41 : update: added Pearl Jam - Vs/07 - Pearl Jam - Blood.mp3
Jun 18 17:41 : update: added Pearl Jam - Vs/12 - Pearl Jam - Indifference.mp3
Jun 18 17:41 : update: added Pearl Jam - Vs/11 - Pearl Jam - Leash.mp3
Jun 18 17:41 : update: added Pearl Jam - Vs/02 - Pearl Jam - Animal.mp3
Jun 18 17:41 : update: added Pearl Jam - Vs/09 - Pearl Jam - Rats.mp3
Jun 18 17:41 : update: added Pearl Jam - Vs/10 - Pearl Jam - Elderly Woman Behind The Counter In A Small Town.mp3
Jun 18 17:41 : update: added Pearl Jam - Vs/08 - Pearl Jam - Rearviewmirror.mp3
Jun 18 17:41 : update: added Pearl Jam - Vs/03 - Pearl Jam - Daughter.mp3
Jun 18 17:41 : update: added /17.Iko-Iko (Zap Mama).mp3
Jun 18 17:41 : update: added /409-joe_satriani-i_believe.mp3
Jun 18 17:41 : update: added /Best Techno 2009.mp3
Jun 18 17:41 : update: added /06_-_Eugenes_Trick_Bag.mp3
[flv @ 0xb3d22b90]Estimating duration from bitrate, this may be inaccurate
Jun 18 17:41 : update: added /The Blood and Tears Steve Vai cover by Arnaud.flv
Jun 18 17:41 : update: added /Sidekick - Deep Fear [Phobia Club Mix].mp3
Jun 18 17:41 : update: added /Pearl_Jam_-_Black.mp3
Jun 18 20:00 : ffmpeg: Open failed
Jun 18 14:35 : ffmpeg: Open failed
Jun 18 14:35 : ffmpeg: Open failed
Jun 18 14:35 : ffmpeg: Open failed
Jun 18 14:52 : ffmpeg: Open failed
Jun 18 15:36 : ffmpeg: Open failed
Jun 18 15:36 : ffmpeg: Open failed
Jun 18 15:36 : ffmpeg: Open failed
Jun 19 18:09 : ffmpeg: Open failed
[mpeg @ 0x97601a0]max_analyze_duration reached
[mpeg @ 0x9764fd0]max_analyze_duration reached
Jun 19 18:28 : avahi: Client Disconnected, will reconnect shortly
Jun 19 18:28 : avahi: Could not reconnect: Daemon not running
Jun 19 18:33 : ffmpeg: Open failed
Jun 20 14:05 : update: added Party Rock/2 I'm in Miami Bitch.mp3
Jun 20 14:05 : update: added Party Rock/15 Get On Down.mp3
Jun 20 14:05 : update: added Party Rock/4 Lil Hipster Girl.mp3
Jun 20 14:05 : update: added Party Rock/9 Shots.mp3
Jun 20 14:05 : update: added Party Rock/13 Yes.mp3
Jun 20 14:05 : update: added Party Rock/6 What Happens At The Party.mp3
Jun 20 14:05 : update: added Party Rock/8 I Don't Wanna Be.mp3
Jun 20 14:05 : update: added Party Rock/12 I Am Not A Whore.mp3
Jun 20 14:05 : update: added Party Rock/3 Get Crazy.mp3
Jun 20 14:05 : update: added Party Rock/11 I Shake I Move.mp3
Jun 20 14:05 : update: added Party Rock/1 Rock the Beat.mp3
Jun 20 14:05 : update: added Party Rock/7 Leaving U 4 the Groove.mp3
Jun 20 14:05 : update: added Party Rock/5 La La La.mp3
Jun 20 14:05 : update: added Party Rock/14 Scream My Name.mp3
